<?xml version="1.0" encoding="UTF-8"?>
<testng-results ignored="0" total="1" passed="1" failed="0" skipped="0">
  <reporter-output>
  </reporter-output>
  <suite started-at="2023-03-28T21:12:42 IST" name="Command line suite" finished-at="2023-03-28T21:12:42 IST" duration-ms="54">
    <groups>
    </groups>
    <test started-at="2023-03-28T21:12:42 IST" name="Command line test" finished-at="2023-03-28T21:12:42 IST" duration-ms="54">
      <class name="org.exampleGID.AppTest">
        <test-method signature="testApp()" started-at="2023-03-28T21:12:42 IST" name="testApp" finished-at="2023-03-28T21:12:42 IST" duration-ms="11" status="PASS">
          <reporter-output>
          </reporter-output>
        </test-method> <!-- testApp -->
      </class> <!-- org.exampleGID.AppTest -->
    </test> <!-- Command line test -->
  </suite> <!-- Command line suite -->
</testng-results>
