<?xml version="1.0" encoding="UTF-8"?>
<!-- Generated by org.testng.reporters.JUnitReportReporter -->
<testsuite hostname="DESKTOP-13RHPFK" failures="0" tests="3" name="GroupID.FlashTestClass" time="160.463" errors="0" timestamp="2025-05-27T16:05:39 IST" skipped="0">
  <testcase classname="GroupID.FlashTestClass" name="AppiumTest1" time="54.582"/>
  <testcase classname="GroupID.FlashTestClass" name="AppiumTest1" time="55.046"/>
  <testcase classname="GroupID.FlashTestClass" name="AppiumTest1" time="50.835"/>
</testsuite> <!-- GroupID.FlashTestClass -->
