<?xml version="1.0" encoding="UTF-8"?>
<testng-results ignored="0" total="1" passed="1" failed="0" skipped="0">
  <reporter-output>
  </reporter-output>
  <suite started-at="2023-04-27T15:13:41 IST" name="Surefire suite" finished-at="2023-04-27T15:13:52 IST" duration-ms="10929">
    <groups>
    </groups>
    <test started-at="2023-04-27T15:13:41 IST" name="Surefire test" finished-at="2023-04-27T15:13:52 IST" duration-ms="10929">
      <class name="org.exampleGID.AppTest">
        <test-method signature="testApp()" started-at="2023-04-27T15:13:52 IST" name="testApp" finished-at="2023-04-27T15:13:52 IST" duration-ms="3" status="PASS">
          <reporter-output>
          </reporter-output>
        </test-method> <!-- testApp -->
      </class> <!-- org.exampleGID.AppTest -->
    </test> <!-- Surefire test -->
  </suite> <!-- Surefire suite -->
</testng-results>
