<?xml version="1.0" encoding="UTF-8"?>
<testng-results ignored="0" total="3" passed="3" failed="0" skipped="0">
  <reporter-output>
  </reporter-output>
  <suite started-at="2025-05-27T16:01:43 IST" name="All Test Suite" finished-at="2025-05-27T16:05:39 IST" duration-ms="235485">
    <groups>
    </groups>
    <test started-at="2025-05-27T16:01:43 IST" name="C:/Users/Hp/Documents/IntelliJ Projects/AppiumPOMProject-2" finished-at="2025-05-27T16:02:59 IST" duration-ms="75988">
      <class name="GroupID.FlashTestClass">
        <test-method is-config="true" signature="configureAppium()[pri:0, instance:GroupID.FlashTestClass@c269425]" started-at="2025-05-27T16:01:43 IST" name="configureAppium" finished-at="2025-05-27T16:02:05 IST" duration-ms="22071" status="PASS">
          <reporter-output>
          </reporter-output>
        </test-method> <!-- configureAppium -->
        <test-method signature="AppiumTest1(java.lang.String,java.lang.String)[pri:0, instance:GroupID.FlashTestClass@c269425]" started-at="2025-05-27T16:02:05 IST" name="AppiumTest1" data-provider="data-provider" finished-at="2025-05-27T16:02:56 IST" duration-ms="50835" status="PASS">
          <params>
            <param index="0">
              <value>
                <![CDATA[nkorth@outlook.com]]>
              </value>
            </param>
            <param index="1">
              <value>
                <![CDATA[Whistle1]]>
              </value>
            </param>
          </params>
          <reporter-output>
          </reporter-output>
        </test-method> <!-- AppiumTest1 -->
        <test-method is-config="true" signature="tearDown()[pri:0, instance:GroupID.FlashTestClass@c269425]" started-at="2025-05-27T16:02:56 IST" name="tearDown" finished-at="2025-05-27T16:02:59 IST" duration-ms="2829" status="PASS">
          <reporter-output>
          </reporter-output>
        </test-method> <!-- tearDown -->
      </class> <!-- GroupID.FlashTestClass -->
    </test> <!-- C:/Users/Hp/Documents/IntelliJ Projects/AppiumPOMProject-2 -->
    <test started-at="2025-05-27T16:01:43 IST" name="C:/Users/Hp/Documents/IntelliJ Projects/AppiumPOMProject-0" finished-at="2025-05-27T16:04:22 IST" duration-ms="159034">
      <class name="GroupID.FlashTestClass">
        <test-method is-config="true" signature="configureAppium()[pri:0, instance:GroupID.FlashTestClass@216e9ca3]" started-at="2025-05-27T16:01:43 IST" name="configureAppium" finished-at="2025-05-27T16:03:25 IST" duration-ms="101611" status="PASS">
          <reporter-output>
          </reporter-output>
        </test-method> <!-- configureAppium -->
        <test-method signature="AppiumTest1(java.lang.String,java.lang.String)[pri:0, instance:GroupID.FlashTestClass@216e9ca3]" started-at="2025-05-27T16:03:25 IST" name="AppiumTest1" data-provider="data-provider" finished-at="2025-05-27T16:04:20 IST" duration-ms="55046" status="PASS">
          <params>
            <param index="0">
              <value>
                <![CDATA[nkorth@outlook.com]]>
              </value>
            </param>
            <param index="1">
              <value>
                <![CDATA[Whistle1]]>
              </value>
            </param>
          </params>
          <reporter-output>
          </reporter-output>
        </test-method> <!-- AppiumTest1 -->
        <test-method is-config="true" signature="tearDown()[pri:0, instance:GroupID.FlashTestClass@216e9ca3]" started-at="2025-05-27T16:04:20 IST" name="tearDown" finished-at="2025-05-27T16:04:22 IST" duration-ms="2138" status="PASS">
          <reporter-output>
          </reporter-output>
        </test-method> <!-- tearDown -->
      </class> <!-- GroupID.FlashTestClass -->
    </test> <!-- C:/Users/Hp/Documents/IntelliJ Projects/AppiumPOMProject-0 -->
    <test started-at="2025-05-27T16:01:43 IST" name="C:/Users/Hp/Documents/IntelliJ Projects/AppiumPOMProject-1" finished-at="2025-05-27T16:05:39 IST" duration-ms="235482">
      <class name="GroupID.FlashTestClass">
        <test-method is-config="true" signature="configureAppium()[pri:0, instance:GroupID.FlashTestClass@503df2d0]" started-at="2025-05-27T16:01:43 IST" name="configureAppium" finished-at="2025-05-27T16:04:41 IST" duration-ms="178000" status="PASS">
          <reporter-output>
          </reporter-output>
        </test-method> <!-- configureAppium -->
        <test-method signature="AppiumTest1(java.lang.String,java.lang.String)[pri:0, instance:GroupID.FlashTestClass@503df2d0]" started-at="2025-05-27T16:04:41 IST" name="AppiumTest1" data-provider="data-provider" finished-at="2025-05-27T16:05:36 IST" duration-ms="54582" status="PASS">
          <params>
            <param index="0">
              <value>
                <![CDATA[nkorth@outlook.com]]>
              </value>
            </param>
            <param index="1">
              <value>
                <![CDATA[Whistle1]]>
              </value>
            </param>
          </params>
          <reporter-output>
          </reporter-output>
        </test-method> <!-- AppiumTest1 -->
        <test-method is-config="true" signature="tearDown()[pri:0, instance:GroupID.FlashTestClass@503df2d0]" started-at="2025-05-27T16:05:36 IST" name="tearDown" finished-at="2025-05-27T16:05:39 IST" duration-ms="2668" status="PASS">
          <reporter-output>
          </reporter-output>
        </test-method> <!-- tearDown -->
      </class> <!-- GroupID.FlashTestClass -->
    </test> <!-- C:/Users/Hp/Documents/IntelliJ Projects/AppiumPOMProject-1 -->
  </suite> <!-- All Test Suite -->
</testng-results>
