<?xml version="1.0" encoding="UTF-8"?>
<testsuite xmlns:xsi="http://www.w3.org/2001/XMLSchema-instance" xsi:noNamespaceSchemaLocation="https://maven.apache.org/surefire/maven-surefire-plugin/xsd/surefire-test-report.xsd" version="3.0.2" name="TestSuite" time="236.987" tests="3" errors="0" skipped="0" failures="0">
  <properties>
[...]
</properties>
  <testcase name="AppiumTest1[nkorth@outlook.com, Whistle1](1)" classname="GroupID.FlashTestClass" time="50.988">
    <system-out><![CDATA[// Configuring app in before class method
// Configuring app in before class method
// Configuring app in before class method
&amp#27;[35m[Appium]&amp#27;[39m Welcome to Appium v2.4.1
&amp#27;[35m[Appium]&amp#27;[39m Non-default server args:
&amp#27;[35m[Appium]&amp#27;[39m { address: &amp#27;[32m'127.0.0.1'&amp#27;[39m }
&amp#27;[35m[Appium]&amp#27;[39m The autodetected Appium home path: C:\Users\Hp
&amp#27;[35m[Appium]&amp#27;[39m Attempting to load driver uiautomator2...
&amp#27;[35m[Appium]&amp#27;[39m Requiring driver at C:\Users\Hp\node_modules\appium-uiautomator2-driver\build\index.js
&amp#27;[35m[Appium]&amp#27;[39m Welcome to Appium v2.4.1
&amp#27;[35m[Appium]&amp#27;[39m Welcome to Appium v2.4.1
&amp#27;[35m[Appium]&amp#27;[39m Non-default server args:
&amp#27;[35m[Appium]&amp#27;[39m Non-default server args:
&amp#27;[35m[Appium]&amp#27;[39m { address: &amp#27;[32m'127.0.0.1'&amp#27;[39m }
&amp#27;[35m[Appium]&amp#27;[39m { address: &amp#27;[32m'127.0.0.1'&amp#27;[39m }
&amp#27;[35m[Appium]&amp#27;[39m The autodetected Appium home path: C:\Users\Hp
&amp#27;[35m[Appium]&amp#27;[39m The autodetected Appium home path: C:\Users\Hp
&amp#27;[35m[Appium]&amp#27;[39m Attempting to load driver uiautomator2...
&amp#27;[35m[Appium]&amp#27;[39m Attempting to load driver uiautomator2...
&amp#27;[35m[Appium]&amp#27;[39m Requiring driver at C:\Users\Hp\node_modules\appium-uiautomator2-driver\build\index.js
&amp#27;[35m[Appium]&amp#27;[39m Requiring driver at C:\Users\Hp\node_modules\appium-uiautomator2-driver\build\index.js
&amp#27;[35m[Appium]&amp#27;[39m AndroidUiautomator2Driver has been successfully loaded in 0.974s
&amp#27;[35m[Appium]&amp#27;[39m AndroidUiautomator2Driver has been successfully loaded in 0.973s
&amp#27;[35m[Appium]&amp#27;[39m AndroidUiautomator2Driver has been successfully loaded in 0.978s
&amp#27;[35m[Appium]&amp#27;[39m Appium REST http interface listener started on http://127.0.0.1:4723
&amp#27;[35m[Appium]&amp#27;[39m Available drivers:
&amp#27;[35m[Appium]&amp#27;[39m   - uiautomator2@2.40.0 (automationName 'UiAutomator2')
&amp#27;[35m[Appium]&amp#27;[39m No plugins have been installed. Use the "appium plugin" command to install the one(s) you want to use.
&amp#27;[38;5;0m[HTTP]&amp#27;[0m Could not start REST http interface listener. The requested port may already be in use. Please make sure there is no other instance of this server running already.
&amp#27;[35m[Appium]&amp#27;[39m Could not configure Appium server. It's possible that a driver or plugin tried to update the server and failed. Original error: listen EADDRINUSE: address already in use 127.0.0.1:4723
&amp#27;[35m[Appium]&amp#27;[39m Error: listen EADDRINUSE: address already in use 127.0.0.1:4723
&amp#27;[35m[Appium]&amp#27;[39m     at Server.setupListenHandle [as _listen2] (node:net:1751:16)
&amp#27;[35m[Appium]&amp#27;[39m     at listenInCluster (node:net:1799:12)
&amp#27;[35m[Appium]&amp#27;[39m     at doListen (node:net:1948:7)
&amp#27;[35m[Appium]&amp#27;[39m     at processTicksAndRejections (node:internal/process/task_queues:83:21)
&amp#27;[38;5;0m[HTTP]&amp#27;[0m Could not start REST http interface listener. The requested port may already be in use. Please make sure there is no other instance of this server running already.
&amp#27;[35m[Appium]&amp#27;[39m Could not configure Appium server. It's possible that a driver or plugin tried to update the server and failed. Original error: listen EADDRINUSE: address already in use 127.0.0.1:4723
&amp#27;[35m[Appium]&amp#27;[39m Error: listen EADDRINUSE: address already in use 127.0.0.1:4723
&amp#27;[35m[Appium]&amp#27;[39m     at Server.setupListenHandle [as _listen2] (node:net:1751:16)
&amp#27;[35m[Appium]&amp#27;[39m     at listenInCluster (node:net:1799:12)
&amp#27;[35m[Appium]&amp#27;[39m     at doListen (node:net:1948:7)
&amp#27;[35m[Appium]&amp#27;[39m     at processTicksAndRejections (node:internal/process/task_queues:83:21)
Clicked inside password
]]></system-out>
    <system-err><![CDATA[SLF4J(W): No SLF4J providers were found.
SLF4J(W): Defaulting to no-operation (NOP) logger implementation
SLF4J(W): See https://www.slf4j.org/codes.html#noProviders for further details.
]]></system-err>
  </testcase>
  <testcase name="AppiumTest1[nkorth@outlook.com, Whistle1](1)" classname="GroupID.FlashTestClass" time="55.192">
    <system-out><![CDATA[PASSED: GroupID.FlashTestClass.AppiumTest1("nkorth@outlook.com", "Whistle1")

===============================================
    C:/Users/Hp/Documents/IntelliJ Projects/AppiumPOMProject-2
    Tests run: 1, Failures: 0, Skips: 0
===============================================

Clicked inside password
]]></system-out>
  </testcase>
  <testcase name="AppiumTest1[nkorth@outlook.com, Whistle1](1)" classname="GroupID.FlashTestClass" time="54.724">
    <system-out><![CDATA[PASSED: GroupID.FlashTestClass.AppiumTest1("nkorth@outlook.com", "Whistle1")

===============================================
    C:/Users/Hp/Documents/IntelliJ Projects/AppiumPOMProject-0
    Tests run: 1, Failures: 0, Skips: 0
===============================================

Clicked inside password
]]></system-out>
  </testcase>
</testsuite>